2022-08-12 10:58:37,553 - seat_qgis_plugin.stressor_receptor_calc - INFO - Receptor File: //pfs1w/C1300-C1399/C1308_MREA_Sandia/Working_Files/QGIS Plugin/Plugin Inputs/rasters_created/Oregon_WEC_Grain_size/grainsize_receptor.tif
2022-08-12 10:58:37,555 - seat_qgis_plugin.stressor_receptor_calc - INFO - Stressor File: //pfs1w/C1300-C1399/C1308_MREA_Sandia/Working_Files/QGIS Plugin/seat-qgis-plugin/plugin-output/oregon/4x4\calculated_stressor.tif
2022-08-12 10:58:37,557 - seat_qgis_plugin.stressor_receptor_calc - INFO - Stressor with Receptor File: //pfs1w/C1300-C1399/C1308_MREA_Sandia/Working_Files/QGIS Plugin/seat-qgis-plugin/plugin-output/oregon/4x4\calculated_stressor_without_grainsize.tif
2022-08-12 10:58:37,559 - seat_qgis_plugin.stressor_receptor_calc - INFO - Reclassified Stressor File: //pfs1w/C1300-C1399/C1308_MREA_Sandia/Working_Files/QGIS Plugin/seat-qgis-plugin/plugin-output/oregon/4x4\calculated_stressor_reclassified.tif
2022-08-12 10:58:37,560 - seat_qgis_plugin.stressor_receptor_calc - INFO - Device present File: //pfs1w/C1300-C1399/C1308_MREA_Sandia/Working_Files/QGIS Plugin/Plugin Inputs/spacing_investigation/4x4/run_dir_wecs/trim-sets_flow_inset_allruns_3variables.nc
2022-08-12 10:58:37,562 - seat_qgis_plugin.stressor_receptor_calc - INFO - Device not present File: //pfs1w/C1300-C1399/C1308_MREA_Sandia/Working_Files/QGIS Plugin/Plugin Inputs/spacing_investigation/4x4/run_dir_wecs/trim-sets_flow_inset_allruns.nc
2022-08-12 10:58:37,564 - seat_qgis_plugin.stressor_receptor_calc - INFO - Boundary Condition File: //pfs1w/C1300-C1399/C1308_MREA_Sandia/Working_Files/QGIS Plugin/Plugin Inputs/Oregon Coast WEC/BC_Annie_Annual_SETS.csv
2022-08-12 10:58:37,566 - seat_qgis_plugin.stressor_receptor_calc - INFO - Run Order File: //pfs1w/C1300-C1399/C1308_MREA_Sandia/Working_Files/QGIS Plugin/Plugin Inputs/spacing_investigation/4x4/run_dir_wecs/run_order_wecs.csv
2022-08-12 10:58:37,568 - seat_qgis_plugin.stressor_receptor_calc - INFO - Stressor: TAUMAX -Structured
2022-08-12 10:58:37,569 - seat_qgis_plugin.stressor_receptor_calc - INFO - CRS: 4326
2022-08-12 10:58:37,571 - seat_qgis_plugin.stressor_receptor_calc - INFO - Secondary Constraint File: //pfs1w/C1300-C1399/C1308_MREA_Sandia/Working_Files/QGIS Plugin/Plugin Inputs/rasters_created/other/constraint_rc.tif
2022-08-12 10:58:37,572 - seat_qgis_plugin.stressor_receptor_calc - INFO - Output File: //pfs1w/C1300-C1399/C1308_MREA_Sandia/Working_Files/QGIS Plugin/seat-qgis-plugin/plugin-output/oregon/4x4/oregon_4x4.tif
2022-08-12 10:58:37,574 - seat_qgis_plugin.stressor_receptor_calc - INFO - Receptor Style File: C:/Users/cgrant46/AppData/Roaming/QGIS/QGIS3/profiles/default/python/plugins/stressor_receptor_calc/inputs/Layer Style/receptor_rc.qml
2022-08-12 10:58:37,575 - seat_qgis_plugin.stressor_receptor_calc - INFO - Stressor Style File: C:/Users/cgrant46/AppData/Roaming/QGIS/QGIS3/profiles/default/python/plugins/stressor_receptor_calc/inputs/Layer Style/threshold_rc.qml
2022-08-12 10:58:37,576 - seat_qgis_plugin.stressor_receptor_calc - INFO - Secondary Constraint Style File: C:/Users/cgrant46/AppData/Roaming/QGIS/QGIS3/profiles/default/python/plugins/stressor_receptor_calc/inputs/Layer Style/constraint_rc.qml
2022-08-12 10:58:37,578 - seat_qgis_plugin.stressor_receptor_calc - INFO - Output Style File: C:/Users/cgrant46/AppData/Roaming/QGIS/QGIS3/profiles/default/python/plugins/stressor_receptor_calc/inputs/Layer Style/out_calculated_20211221.qml
2022-08-12 11:02:59,017 - seat_qgis_plugin.stressor_receptor_calc - INFO - Receptor File: //pfs1w/C1300-C1399/C1308_MREA_Sandia/Working_Files/QGIS Plugin/Plugin Inputs/rasters_created/Oregon_WEC_Grain_size/grainsize_receptor.tif
2022-08-12 11:02:59,017 - seat_qgis_plugin.stressor_receptor_calc - INFO - Receptor File: //pfs1w/C1300-C1399/C1308_MREA_Sandia/Working_Files/QGIS Plugin/Plugin Inputs/rasters_created/Oregon_WEC_Grain_size/grainsize_receptor.tif
2022-08-12 11:02:59,020 - seat_qgis_plugin.stressor_receptor_calc - INFO - Stressor File: //pfs1w/C1300-C1399/C1308_MREA_Sandia/Working_Files/QGIS Plugin/seat-qgis-plugin/plugin-output/oregon/4x4\calculated_stressor.tif
2022-08-12 11:02:59,020 - seat_qgis_plugin.stressor_receptor_calc - INFO - Stressor File: //pfs1w/C1300-C1399/C1308_MREA_Sandia/Working_Files/QGIS Plugin/seat-qgis-plugin/plugin-output/oregon/4x4\calculated_stressor.tif
2022-08-12 11:02:59,023 - seat_qgis_plugin.stressor_receptor_calc - INFO - Stressor with Receptor File: //pfs1w/C1300-C1399/C1308_MREA_Sandia/Working_Files/QGIS Plugin/seat-qgis-plugin/plugin-output/oregon/4x4\calculated_stressor_without_grainsize.tif
2022-08-12 11:02:59,023 - seat_qgis_plugin.stressor_receptor_calc - INFO - Stressor with Receptor File: //pfs1w/C1300-C1399/C1308_MREA_Sandia/Working_Files/QGIS Plugin/seat-qgis-plugin/plugin-output/oregon/4x4\calculated_stressor_without_grainsize.tif
2022-08-12 11:02:59,025 - seat_qgis_plugin.stressor_receptor_calc - INFO - Reclassified Stressor File: //pfs1w/C1300-C1399/C1308_MREA_Sandia/Working_Files/QGIS Plugin/seat-qgis-plugin/plugin-output/oregon/4x4\calculated_stressor_reclassified.tif
2022-08-12 11:02:59,025 - seat_qgis_plugin.stressor_receptor_calc - INFO - Reclassified Stressor File: //pfs1w/C1300-C1399/C1308_MREA_Sandia/Working_Files/QGIS Plugin/seat-qgis-plugin/plugin-output/oregon/4x4\calculated_stressor_reclassified.tif
2022-08-12 11:02:59,028 - seat_qgis_plugin.stressor_receptor_calc - INFO - Device present File: //pfs1w/C1300-C1399/C1308_MREA_Sandia/Working_Files/QGIS Plugin/Plugin Inputs/spacing_investigation/4x4/run_dir_wecs/trim-sets_flow_inset_allruns_3variables.nc
2022-08-12 11:02:59,028 - seat_qgis_plugin.stressor_receptor_calc - INFO - Device present File: //pfs1w/C1300-C1399/C1308_MREA_Sandia/Working_Files/QGIS Plugin/Plugin Inputs/spacing_investigation/4x4/run_dir_wecs/trim-sets_flow_inset_allruns_3variables.nc
2022-08-12 11:02:59,031 - seat_qgis_plugin.stressor_receptor_calc - INFO - Device not present File: //pfs1w/C1300-C1399/C1308_MREA_Sandia/Working_Files/QGIS Plugin/Plugin Inputs/spacing_investigation/4x4/run_dir_wecs/trim-sets_flow_inset_allruns.nc
2022-08-12 11:02:59,031 - seat_qgis_plugin.stressor_receptor_calc - INFO - Device not present File: //pfs1w/C1300-C1399/C1308_MREA_Sandia/Working_Files/QGIS Plugin/Plugin Inputs/spacing_investigation/4x4/run_dir_wecs/trim-sets_flow_inset_allruns.nc
2022-08-12 11:02:59,034 - seat_qgis_plugin.stressor_receptor_calc - INFO - Boundary Condition File: //pfs1w/C1300-C1399/C1308_MREA_Sandia/Working_Files/QGIS Plugin/Plugin Inputs/Oregon Coast WEC/BC_Annie_Annual_SETS.csv
2022-08-12 11:02:59,034 - seat_qgis_plugin.stressor_receptor_calc - INFO - Boundary Condition File: //pfs1w/C1300-C1399/C1308_MREA_Sandia/Working_Files/QGIS Plugin/Plugin Inputs/Oregon Coast WEC/BC_Annie_Annual_SETS.csv
2022-08-12 11:02:59,036 - seat_qgis_plugin.stressor_receptor_calc - INFO - Run Order File: //pfs1w/C1300-C1399/C1308_MREA_Sandia/Working_Files/QGIS Plugin/Plugin Inputs/spacing_investigation/4x4/run_dir_wecs/run_order_wecs.csv
2022-08-12 11:02:59,036 - seat_qgis_plugin.stressor_receptor_calc - INFO - Run Order File: //pfs1w/C1300-C1399/C1308_MREA_Sandia/Working_Files/QGIS Plugin/Plugin Inputs/spacing_investigation/4x4/run_dir_wecs/run_order_wecs.csv
2022-08-12 11:02:59,038 - seat_qgis_plugin.stressor_receptor_calc - INFO - Stressor: TAUMAX -Structured
2022-08-12 11:02:59,038 - seat_qgis_plugin.stressor_receptor_calc - INFO - Stressor: TAUMAX -Structured
2022-08-12 11:02:59,041 - seat_qgis_plugin.stressor_receptor_calc - INFO - CRS: 4326
2022-08-12 11:02:59,041 - seat_qgis_plugin.stressor_receptor_calc - INFO - CRS: 4326
2022-08-12 11:02:59,044 - seat_qgis_plugin.stressor_receptor_calc - INFO - Secondary Constraint File: //pfs1w/C1300-C1399/C1308_MREA_Sandia/Working_Files/QGIS Plugin/Plugin Inputs/rasters_created/other/constraint_rc.tif
2022-08-12 11:02:59,044 - seat_qgis_plugin.stressor_receptor_calc - INFO - Secondary Constraint File: //pfs1w/C1300-C1399/C1308_MREA_Sandia/Working_Files/QGIS Plugin/Plugin Inputs/rasters_created/other/constraint_rc.tif
2022-08-12 11:02:59,046 - seat_qgis_plugin.stressor_receptor_calc - INFO - Output File: //pfs1w/C1300-C1399/C1308_MREA_Sandia/Working_Files/QGIS Plugin/seat-qgis-plugin/plugin-output/oregon/4x4/oregon_4x4.tif
2022-08-12 11:02:59,046 - seat_qgis_plugin.stressor_receptor_calc - INFO - Output File: //pfs1w/C1300-C1399/C1308_MREA_Sandia/Working_Files/QGIS Plugin/seat-qgis-plugin/plugin-output/oregon/4x4/oregon_4x4.tif
2022-08-12 11:02:59,049 - seat_qgis_plugin.stressor_receptor_calc - INFO - Receptor Style File: C:/Users/cgrant46/AppData/Roaming/QGIS/QGIS3/profiles/default/python/plugins/stressor_receptor_calc/inputs/Layer Style/receptor_rc.qml
2022-08-12 11:02:59,049 - seat_qgis_plugin.stressor_receptor_calc - INFO - Receptor Style File: C:/Users/cgrant46/AppData/Roaming/QGIS/QGIS3/profiles/default/python/plugins/stressor_receptor_calc/inputs/Layer Style/receptor_rc.qml
2022-08-12 11:02:59,051 - seat_qgis_plugin.stressor_receptor_calc - INFO - Stressor Style File: C:/Users/cgrant46/AppData/Roaming/QGIS/QGIS3/profiles/default/python/plugins/stressor_receptor_calc/inputs/Layer Style/threshold_rc.qml
2022-08-12 11:02:59,051 - seat_qgis_plugin.stressor_receptor_calc - INFO - Stressor Style File: C:/Users/cgrant46/AppData/Roaming/QGIS/QGIS3/profiles/default/python/plugins/stressor_receptor_calc/inputs/Layer Style/threshold_rc.qml
2022-08-12 11:02:59,054 - seat_qgis_plugin.stressor_receptor_calc - INFO - Secondary Constraint Style File: C:/Users/cgrant46/AppData/Roaming/QGIS/QGIS3/profiles/default/python/plugins/stressor_receptor_calc/inputs/Layer Style/constraint_rc.qml
2022-08-12 11:02:59,054 - seat_qgis_plugin.stressor_receptor_calc - INFO - Secondary Constraint Style File: C:/Users/cgrant46/AppData/Roaming/QGIS/QGIS3/profiles/default/python/plugins/stressor_receptor_calc/inputs/Layer Style/constraint_rc.qml
2022-08-12 11:02:59,056 - seat_qgis_plugin.stressor_receptor_calc - INFO - Output Style File: C:/Users/cgrant46/AppData/Roaming/QGIS/QGIS3/profiles/default/python/plugins/stressor_receptor_calc/inputs/Layer Style/out_calculated_20211221.qml
2022-08-12 11:02:59,056 - seat_qgis_plugin.stressor_receptor_calc - INFO - Output Style File: C:/Users/cgrant46/AppData/Roaming/QGIS/QGIS3/profiles/default/python/plugins/stressor_receptor_calc/inputs/Layer Style/out_calculated_20211221.qml
2022-08-12 11:07:58,174 - seat_qgis_plugin.stressor_receptor_calc - INFO - Receptor File: //pfs1w/C1300-C1399/C1308_MREA_Sandia/Working_Files/QGIS Plugin/Plugin Inputs/rasters_created/Oregon_WEC_Grain_size/grainsize_receptor.tif
2022-08-12 11:07:58,174 - seat_qgis_plugin.stressor_receptor_calc - INFO - Receptor File: //pfs1w/C1300-C1399/C1308_MREA_Sandia/Working_Files/QGIS Plugin/Plugin Inputs/rasters_created/Oregon_WEC_Grain_size/grainsize_receptor.tif
2022-08-12 11:07:58,174 - seat_qgis_plugin.stressor_receptor_calc - INFO - Receptor File: //pfs1w/C1300-C1399/C1308_MREA_Sandia/Working_Files/QGIS Plugin/Plugin Inputs/rasters_created/Oregon_WEC_Grain_size/grainsize_receptor.tif
2022-08-12 11:07:58,178 - seat_qgis_plugin.stressor_receptor_calc - INFO - Stressor File: //pfs1w/C1300-C1399/C1308_MREA_Sandia/Working_Files/QGIS Plugin/seat-qgis-plugin/plugin-output/oregon/4x4\calculated_stressor.tif
2022-08-12 11:07:58,178 - seat_qgis_plugin.stressor_receptor_calc - INFO - Stressor File: //pfs1w/C1300-C1399/C1308_MREA_Sandia/Working_Files/QGIS Plugin/seat-qgis-plugin/plugin-output/oregon/4x4\calculated_stressor.tif
2022-08-12 11:07:58,178 - seat_qgis_plugin.stressor_receptor_calc - INFO - Stressor File: //pfs1w/C1300-C1399/C1308_MREA_Sandia/Working_Files/QGIS Plugin/seat-qgis-plugin/plugin-output/oregon/4x4\calculated_stressor.tif
2022-08-12 11:07:58,182 - seat_qgis_plugin.stressor_receptor_calc - INFO - Stressor with Receptor File: //pfs1w/C1300-C1399/C1308_MREA_Sandia/Working_Files/QGIS Plugin/seat-qgis-plugin/plugin-output/oregon/4x4\calculated_stressor_without_grainsize.tif
2022-08-12 11:07:58,182 - seat_qgis_plugin.stressor_receptor_calc - INFO - Stressor with Receptor File: //pfs1w/C1300-C1399/C1308_MREA_Sandia/Working_Files/QGIS Plugin/seat-qgis-plugin/plugin-output/oregon/4x4\calculated_stressor_without_grainsize.tif
2022-08-12 11:07:58,182 - seat_qgis_plugin.stressor_receptor_calc - INFO - Stressor with Receptor File: //pfs1w/C1300-C1399/C1308_MREA_Sandia/Working_Files/QGIS Plugin/seat-qgis-plugin/plugin-output/oregon/4x4\calculated_stressor_without_grainsize.tif
2022-08-12 11:07:58,187 - seat_qgis_plugin.stressor_receptor_calc - INFO - Reclassified Stressor File: //pfs1w/C1300-C1399/C1308_MREA_Sandia/Working_Files/QGIS Plugin/seat-qgis-plugin/plugin-output/oregon/4x4\calculated_stressor_reclassified.tif
2022-08-12 11:07:58,187 - seat_qgis_plugin.stressor_receptor_calc - INFO - Reclassified Stressor File: //pfs1w/C1300-C1399/C1308_MREA_Sandia/Working_Files/QGIS Plugin/seat-qgis-plugin/plugin-output/oregon/4x4\calculated_stressor_reclassified.tif
2022-08-12 11:07:58,187 - seat_qgis_plugin.stressor_receptor_calc - INFO - Reclassified Stressor File: //pfs1w/C1300-C1399/C1308_MREA_Sandia/Working_Files/QGIS Plugin/seat-qgis-plugin/plugin-output/oregon/4x4\calculated_stressor_reclassified.tif
2022-08-12 11:07:58,191 - seat_qgis_plugin.stressor_receptor_calc - INFO - Device present File: //pfs1w/C1300-C1399/C1308_MREA_Sandia/Working_Files/QGIS Plugin/Plugin Inputs/spacing_investigation/4x4/run_dir_wecs/trim-sets_flow_inset_allruns_3variables.nc
2022-08-12 11:07:58,191 - seat_qgis_plugin.stressor_receptor_calc - INFO - Device present File: //pfs1w/C1300-C1399/C1308_MREA_Sandia/Working_Files/QGIS Plugin/Plugin Inputs/spacing_investigation/4x4/run_dir_wecs/trim-sets_flow_inset_allruns_3variables.nc
2022-08-12 11:07:58,191 - seat_qgis_plugin.stressor_receptor_calc - INFO - Device present File: //pfs1w/C1300-C1399/C1308_MREA_Sandia/Working_Files/QGIS Plugin/Plugin Inputs/spacing_investigation/4x4/run_dir_wecs/trim-sets_flow_inset_allruns_3variables.nc
2022-08-12 11:07:58,194 - seat_qgis_plugin.stressor_receptor_calc - INFO - Device not present File: //pfs1w/C1300-C1399/C1308_MREA_Sandia/Working_Files/QGIS Plugin/Plugin Inputs/spacing_investigation/4x4/run_dir_wecs/trim-sets_flow_inset_allruns.nc
2022-08-12 11:07:58,194 - seat_qgis_plugin.stressor_receptor_calc - INFO - Device not present File: //pfs1w/C1300-C1399/C1308_MREA_Sandia/Working_Files/QGIS Plugin/Plugin Inputs/spacing_investigation/4x4/run_dir_wecs/trim-sets_flow_inset_allruns.nc
2022-08-12 11:07:58,194 - seat_qgis_plugin.stressor_receptor_calc - INFO - Device not present File: //pfs1w/C1300-C1399/C1308_MREA_Sandia/Working_Files/QGIS Plugin/Plugin Inputs/spacing_investigation/4x4/run_dir_wecs/trim-sets_flow_inset_allruns.nc
2022-08-12 11:07:58,198 - seat_qgis_plugin.stressor_receptor_calc - INFO - Boundary Condition File: //pfs1w/C1300-C1399/C1308_MREA_Sandia/Working_Files/QGIS Plugin/Plugin Inputs/Oregon Coast WEC/BC_Annie_Annual_SETS.csv
2022-08-12 11:07:58,198 - seat_qgis_plugin.stressor_receptor_calc - INFO - Boundary Condition File: //pfs1w/C1300-C1399/C1308_MREA_Sandia/Working_Files/QGIS Plugin/Plugin Inputs/Oregon Coast WEC/BC_Annie_Annual_SETS.csv
2022-08-12 11:07:58,198 - seat_qgis_plugin.stressor_receptor_calc - INFO - Boundary Condition File: //pfs1w/C1300-C1399/C1308_MREA_Sandia/Working_Files/QGIS Plugin/Plugin Inputs/Oregon Coast WEC/BC_Annie_Annual_SETS.csv
2022-08-12 11:07:58,201 - seat_qgis_plugin.stressor_receptor_calc - INFO - Run Order File: //pfs1w/C1300-C1399/C1308_MREA_Sandia/Working_Files/QGIS Plugin/Plugin Inputs/spacing_investigation/4x4/run_dir_wecs/run_order_wecs.csv
2022-08-12 11:07:58,201 - seat_qgis_plugin.stressor_receptor_calc - INFO - Run Order File: //pfs1w/C1300-C1399/C1308_MREA_Sandia/Working_Files/QGIS Plugin/Plugin Inputs/spacing_investigation/4x4/run_dir_wecs/run_order_wecs.csv
2022-08-12 11:07:58,201 - seat_qgis_plugin.stressor_receptor_calc - INFO - Run Order File: //pfs1w/C1300-C1399/C1308_MREA_Sandia/Working_Files/QGIS Plugin/Plugin Inputs/spacing_investigation/4x4/run_dir_wecs/run_order_wecs.csv
2022-08-12 11:07:58,205 - seat_qgis_plugin.stressor_receptor_calc - INFO - Stressor: TAUMAX -Structured
2022-08-12 11:07:58,205 - seat_qgis_plugin.stressor_receptor_calc - INFO - Stressor: TAUMAX -Structured
2022-08-12 11:07:58,205 - seat_qgis_plugin.stressor_receptor_calc - INFO - Stressor: TAUMAX -Structured
2022-08-12 11:07:58,209 - seat_qgis_plugin.stressor_receptor_calc - INFO - CRS: 4326
2022-08-12 11:07:58,209 - seat_qgis_plugin.stressor_receptor_calc - INFO - CRS: 4326
2022-08-12 11:07:58,209 - seat_qgis_plugin.stressor_receptor_calc - INFO - CRS: 4326
2022-08-12 11:07:58,212 - seat_qgis_plugin.stressor_receptor_calc - INFO - Secondary Constraint File: //pfs1w/C1300-C1399/C1308_MREA_Sandia/Working_Files/QGIS Plugin/Plugin Inputs/rasters_created/other/constraint_rc.tif
2022-08-12 11:07:58,212 - seat_qgis_plugin.stressor_receptor_calc - INFO - Secondary Constraint File: //pfs1w/C1300-C1399/C1308_MREA_Sandia/Working_Files/QGIS Plugin/Plugin Inputs/rasters_created/other/constraint_rc.tif
2022-08-12 11:07:58,212 - seat_qgis_plugin.stressor_receptor_calc - INFO - Secondary Constraint File: //pfs1w/C1300-C1399/C1308_MREA_Sandia/Working_Files/QGIS Plugin/Plugin Inputs/rasters_created/other/constraint_rc.tif
2022-08-12 11:07:58,216 - seat_qgis_plugin.stressor_receptor_calc - INFO - Output File: //pfs1w/C1300-C1399/C1308_MREA_Sandia/Working_Files/QGIS Plugin/seat-qgis-plugin/plugin-output/oregon/4x4/oregon_4x4.tif
2022-08-12 11:07:58,216 - seat_qgis_plugin.stressor_receptor_calc - INFO - Output File: //pfs1w/C1300-C1399/C1308_MREA_Sandia/Working_Files/QGIS Plugin/seat-qgis-plugin/plugin-output/oregon/4x4/oregon_4x4.tif
2022-08-12 11:07:58,216 - seat_qgis_plugin.stressor_receptor_calc - INFO - Output File: //pfs1w/C1300-C1399/C1308_MREA_Sandia/Working_Files/QGIS Plugin/seat-qgis-plugin/plugin-output/oregon/4x4/oregon_4x4.tif
2022-08-12 11:07:58,220 - seat_qgis_plugin.stressor_receptor_calc - INFO - Receptor Style File: C:/Users/cgrant46/AppData/Roaming/QGIS/QGIS3/profiles/default/python/plugins/stressor_receptor_calc/inputs/Layer Style/receptor_rc.qml
2022-08-12 11:07:58,220 - seat_qgis_plugin.stressor_receptor_calc - INFO - Receptor Style File: C:/Users/cgrant46/AppData/Roaming/QGIS/QGIS3/profiles/default/python/plugins/stressor_receptor_calc/inputs/Layer Style/receptor_rc.qml
2022-08-12 11:07:58,220 - seat_qgis_plugin.stressor_receptor_calc - INFO - Receptor Style File: C:/Users/cgrant46/AppData/Roaming/QGIS/QGIS3/profiles/default/python/plugins/stressor_receptor_calc/inputs/Layer Style/receptor_rc.qml
2022-08-12 11:07:58,224 - seat_qgis_plugin.stressor_receptor_calc - INFO - Stressor Style File: C:/Users/cgrant46/AppData/Roaming/QGIS/QGIS3/profiles/default/python/plugins/stressor_receptor_calc/inputs/Layer Style/threshold_rc.qml
2022-08-12 11:07:58,224 - seat_qgis_plugin.stressor_receptor_calc - INFO - Stressor Style File: C:/Users/cgrant46/AppData/Roaming/QGIS/QGIS3/profiles/default/python/plugins/stressor_receptor_calc/inputs/Layer Style/threshold_rc.qml
2022-08-12 11:07:58,224 - seat_qgis_plugin.stressor_receptor_calc - INFO - Stressor Style File: C:/Users/cgrant46/AppData/Roaming/QGIS/QGIS3/profiles/default/python/plugins/stressor_receptor_calc/inputs/Layer Style/threshold_rc.qml
2022-08-12 11:07:58,228 - seat_qgis_plugin.stressor_receptor_calc - INFO - Secondary Constraint Style File: C:/Users/cgrant46/AppData/Roaming/QGIS/QGIS3/profiles/default/python/plugins/stressor_receptor_calc/inputs/Layer Style/constraint_rc.qml
2022-08-12 11:07:58,228 - seat_qgis_plugin.stressor_receptor_calc - INFO - Secondary Constraint Style File: C:/Users/cgrant46/AppData/Roaming/QGIS/QGIS3/profiles/default/python/plugins/stressor_receptor_calc/inputs/Layer Style/constraint_rc.qml
2022-08-12 11:07:58,228 - seat_qgis_plugin.stressor_receptor_calc - INFO - Secondary Constraint Style File: C:/Users/cgrant46/AppData/Roaming/QGIS/QGIS3/profiles/default/python/plugins/stressor_receptor_calc/inputs/Layer Style/constraint_rc.qml
2022-08-12 11:07:58,232 - seat_qgis_plugin.stressor_receptor_calc - INFO - Output Style File: C:/Users/cgrant46/AppData/Roaming/QGIS/QGIS3/profiles/default/python/plugins/stressor_receptor_calc/inputs/Layer Style/out_calculated_20211221.qml
2022-08-12 11:07:58,232 - seat_qgis_plugin.stressor_receptor_calc - INFO - Output Style File: C:/Users/cgrant46/AppData/Roaming/QGIS/QGIS3/profiles/default/python/plugins/stressor_receptor_calc/inputs/Layer Style/out_calculated_20211221.qml
2022-08-12 11:07:58,232 - seat_qgis_plugin.stressor_receptor_calc - INFO - Output Style File: C:/Users/cgrant46/AppData/Roaming/QGIS/QGIS3/profiles/default/python/plugins/stressor_receptor_calc/inputs/Layer Style/out_calculated_20211221.qml
